WARNING 2025-10-28 19:37:40,314 [Newsletter] Template core/emails/admin/general_notification.html not found, using fallback: core/emails/admin/general_notification.html
WARNING 2025-10-28 19:37:43,236 [Newsletter] Template core/emails/admin/general_notification.html not found, using fallback: core/emails/admin/general_notification.html
WARNING 2025-10-28 19:51:46,871 [Newsletter] Template core/emails/admin/general_notification.html not found, using fallback: core/emails/admin/general_notification.html
WARNING 2025-10-28 19:51:49,356 [Newsletter] Template core/emails/admin/general_notification.html not found, using fallback: core/emails/admin/general_notification.html
WARNING 2025-10-28 20:14:23,041 [Newsletter] Template core/emails/admin/general_notification.html not found, using fallback: core/emails/admin/general_notification.html
WARNING 2025-10-28 20:14:30,031 [Newsletter] Template core/emails/admin/general_notification.html not found, using fallback: core/emails/admin/general_notification.html
WARNING 2025-10-28 20:16:30,698 [Newsletter] Template core/emails/admin/general_notification.html not found, using fallback: core/emails/admin/general_notification.html
WARNING 2025-10-28 20:16:33,819 [Newsletter] Template core/emails/admin/general_notification.html not found, using fallback: core/emails/admin/general_notification.html
WARNING 2025-10-28 20:16:38,190 [Newsletter] Template core/emails/newsletter/new_items_alerts.html not found, using fallback: core/emails/newsletter/new_items_alerts.html
WARNING 2025-10-28 20:16:42,667 [Newsletter] Template core/emails/newsletter/new_items_alerts.html not found, using fallback: core/emails/newsletter/new_items_alerts.html
WARNING 2025-10-28 20:16:46,990 [Newsletter] Template core/emails/newsletter/new_items_alerts.html not found, using fallback: core/emails/newsletter/new_items_alerts.html
INFO 2025-10-28 20:17:09,757 [Newsletter] Newsletter stats - Sent: 3, Skipped: 0, Type: new_items_alerts
WARNING 2025-10-28 20:35:21,535 [Newsletter] Template core/emails/admin/general_notification.html not found, using fallback: core/emails/admin/general_notification.html
WARNING 2025-10-28 20:35:37,953 [Newsletter] Template core/emails/newsletter/welcome.html not found, using fallback: core/emails/newsletter/welcome.html
WARNING 2025-10-28 20:35:43,588 [Newsletter] Template core/emails/newsletter/welcome.html not found, using fallback: core/emails/newsletter/welcome.html
WARNING 2025-10-28 20:35:53,281 [Newsletter] Template core/emails/admin/general_notification.html not found, using fallback: core/emails/admin/general_notification.html
WARNING 2025-10-28 20:41:32,729 [Newsletter] Template core/emails/admin/general_notification.html not found, using fallback: core/emails/admin/general_notification.html
WARNING 2025-10-28 20:41:42,077 [Newsletter] Template core/emails/admin/general_notification.html not found, using fallback: core/emails/admin/general_notification.html
WARNING 2025-10-28 20:58:13,838 [Newsletter] Template core/emails/admin/general_notification.html not found, using fallback: core/emails/admin/general_notification.html
WARNING 2025-10-28 20:58:14,319 [Newsletter] Template core/emails/admin/general_notification.html not found, using fallback: core/emails/admin/general_notification.html
WARNING 2025-10-28 20:58:14,694 [Newsletter] Template core/emails/admin/general_notification.html not found, using fallback: core/emails/admin/general_notification.html
WARNING 2025-10-28 20:58:15,063 [Newsletter] Template core/emails/admin/general_notification.html not found, using fallback: core/emails/admin/general_notification.html
WARNING 2025-10-28 20:58:15,419 [Newsletter] Template core/emails/admin/general_notification.html not found, using fallback: core/emails/admin/general_notification.html
WARNING 2025-10-28 20:58:15,796 [Newsletter] Template core/emails/admin/general_notification.html not found, using fallback: core/emails/admin/general_notification.html
WARNING 2025-10-28 20:58:54,473 [Newsletter] Template core/emails/admin/general_notification.html not found, using fallback: core/emails/admin/general_notification.html
WARNING 2025-10-28 20:58:54,872 [Newsletter] Template core/emails/newsletter/welcome.html not found, using fallback: core/emails/newsletter/welcome.html
WARNING 2025-10-28 20:58:55,277 [Newsletter] Template core/emails/admin/general_notification.html not found, using fallback: core/emails/admin/general_notification.html
WARNING 2025-10-28 21:01:51,355 [Newsletter] Template core/emails/admin/general_notification.html not found, using fallback: core/emails/admin/general_notification.html
WARNING 2025-10-28 21:01:59,121 [Newsletter] Template core/emails/admin/general_notification.html not found, using fallback: core/emails/admin/general_notification.html
WARNING 2025-10-28 21:02:03,396 [Newsletter] Template core/emails/user/exchange_request_received.html not found, using fallback: core/emails/user/exchange_request_received.html
WARNING 2025-10-28 21:08:21,749 [Newsletter] Template core/emails/admin/general_notification.html not found, using fallback: core/emails/admin/general_notification.html
WARNING 2025-10-28 21:08:30,238 [Newsletter] Template core/emails/newsletter/welcome.html not found, using fallback: core/emails/newsletter/welcome.html
WARNING 2025-10-28 21:08:36,338 [Newsletter] Template core/emails/admin/general_notification.html not found, using fallback: core/emails/admin/general_notification.html
WARNING 2025-10-28 21:16:29,424 [Newsletter] Template core/emails/admin/general_notification.html not found, using fallback: core/emails/admin/general_notification.html
WARNING 2025-10-28 21:16:37,053 [Newsletter] Template core/emails/newsletter/welcome.html not found, using fallback: core/emails/newsletter/welcome.html
WARNING 2025-10-29 12:09:37,818 [Newsletter] Template core/emails/admin/general_notification.html not found, using fallback: core/emails/admin/general_notification.html
WARNING 2025-10-29 12:09:40,808 [Newsletter] Template core/emails/admin/general_notification.html not found, using fallback: core/emails/admin/general_notification.html
WARNING 2025-10-29 12:13:20,326 [Newsletter] Template core/emails/admin/general_notification.html not found, using fallback: core/emails/admin/general_notification.html
WARNING 2025-10-29 12:13:22,913 [Newsletter] Template core/emails/admin/general_notification.html not found, using fallback: core/emails/admin/general_notification.html
WARNING 2025-10-29 12:21:30,761 [Newsletter] Template core/emails/admin/general_notification.html not found, using fallback: core/emails/admin/general_notification.html
WARNING 2025-10-29 12:21:33,508 [Newsletter] Template core/emails/admin/general_notification.html not found, using fallback: core/emails/admin/general_notification.html
WARNING 2025-10-29 12:24:17,307 [Newsletter] Template core/emails/admin/general_notification.html not found, using fallback: core/emails/admin/general_notification.html
WARNING 2025-10-29 12:24:20,007 [Newsletter] Template core/emails/admin/general_notification.html not found, using fallback: core/emails/admin/general_notification.html
WARNING 2025-10-29 12:24:30,987 [Newsletter] Template core/emails/admin/general_notification.html not found, using fallback: core/emails/admin/general_notification.html
WARNING 2025-10-29 12:24:33,565 [Newsletter] Template core/emails/admin/general_notification.html not found, using fallback: core/emails/admin/general_notification.html
WARNING 2025-10-29 12:36:31,468 [Newsletter] Template core/emails/admin/general_notification.html not found, using fallback: core/emails/admin/general_notification.html
WARNING 2025-10-29 12:36:36,041 [Newsletter] Template core/emails/admin/general_notification.html not found, using fallback: core/emails/admin/general_notification.html
ERROR 2025-10-29 12:36:38,936 [Newsletter] Failed to send newsletter to johnkanyotu@kabarak.ac.ke: 'ClothingRequest' object has no attribute 'get'
ERROR 2025-10-29 12:36:38,937 [Newsletter] Failed to send newsletter to johnkariukitony@gmail.com: 'ClothingRequest' object has no attribute 'get'
ERROR 2025-10-29 12:36:38,937 [Newsletter] Failed to send newsletter to joynyambura859@gmail.com: 'ClothingRequest' object has no attribute 'get'
ERROR 2025-10-29 12:36:38,937 [Newsletter] Failed to send newsletter to jk5210182@gmail.com: 'ClothingRequest' object has no attribute 'get'
ERROR 2025-10-29 12:36:38,937 [Newsletter] Failed to send newsletter to johnkariuki1918@gmail.com: 'ClothingRequest' object has no attribute 'get'
INFO 2025-10-29 12:36:38,938 [Newsletter] Newsletter stats - Sent: 0, Skipped: 5, Type: request_updates
WARNING 2025-10-29 12:50:27,048 [Newsletter] Template core/emails/admin/general_notification.html not found, using fallback: core/emails/admin/general_notification.html
WARNING 2025-10-29 12:50:31,152 [Newsletter] Template core/emails/newsletter/unsubscribe_confirmation.html not found, using fallback: core/emails/newsletter/unsubscribe_confirmation.html
WARNING 2025-10-29 12:52:53,321 [Newsletter] Template core/emails/newsletter/welcome.html not found, using fallback: core/emails/newsletter/welcome.html
WARNING 2025-10-29 12:52:56,439 [Newsletter] Template core/emails/admin/general_notification.html not found, using fallback: core/emails/admin/general_notification.html
WARNING 2025-10-29 13:33:34,475 [Newsletter] Template core/emails/admin/general_notification.html not found, using fallback: core/emails/admin/general_notification.html
WARNING 2025-10-29 13:33:38,227 [Newsletter] Template core/emails/newsletter/unsubscribe_confirmation.html not found, using fallback: core/emails/newsletter/unsubscribe_confirmation.html
WARNING 2025-10-29 13:33:58,579 [Newsletter] Template core/emails/newsletter/welcome.html not found, using fallback: core/emails/newsletter/welcome.html
WARNING 2025-10-29 13:34:01,604 [Newsletter] Template core/emails/admin/general_notification.html not found, using fallback: core/emails/admin/general_notification.html
WARNING 2025-10-29 13:38:19,036 [Newsletter] Template core/emails/admin/general_notification.html not found, using fallback: core/emails/admin/general_notification.html
WARNING 2025-10-29 13:38:22,269 [Newsletter] Template core/emails/admin/general_notification.html not found, using fallback: core/emails/admin/general_notification.html
ERROR 2025-10-29 13:38:25,394 [Newsletter] Failed to send newsletter to johnkanyotu@kabarak.ac.ke: 'ClothingRequest' object has no attribute 'get'
ERROR 2025-10-29 13:38:25,394 [Newsletter] Failed to send newsletter to johnkariukitony@gmail.com: 'ClothingRequest' object has no attribute 'get'
ERROR 2025-10-29 13:38:25,395 [Newsletter] Failed to send newsletter to joynyambura859@gmail.com: 'ClothingRequest' object has no attribute 'get'
ERROR 2025-10-29 13:38:25,395 [Newsletter] Failed to send newsletter to jk5210182@gmail.com: 'ClothingRequest' object has no attribute 'get'
ERROR 2025-10-29 13:38:25,395 [Newsletter] Failed to send newsletter to johnkariuki1918@gmail.com: 'ClothingRequest' object has no attribute 'get'
INFO 2025-10-29 13:38:25,396 [Newsletter] Newsletter stats - Sent: 0, Skipped: 5, Type: request_updates
WARNING 2025-10-29 13:57:42,842 [Newsletter] Template core/emails/admin/general_notification.html not found, using fallback: core/emails/admin/general_notification.html
WARNING 2025-10-29 13:57:45,601 [Newsletter] Template core/emails/newsletter/unsubscribe_confirmation.html not found, using fallback: core/emails/newsletter/unsubscribe_confirmation.html
WARNING 2025-10-29 14:00:42,902 [Newsletter] Template core/emails/newsletter/welcome.html not found, using fallback: core/emails/newsletter/welcome.html
WARNING 2025-10-29 14:00:45,865 [Newsletter] Template core/emails/admin/general_notification.html not found, using fallback: core/emails/admin/general_notification.html
WARNING 2025-10-29 14:24:48,054 [Newsletter] Template core/emails/admin/general_notification.html not found, using fallback: core/emails/admin/general_notification.html
WARNING 2025-10-29 14:24:52,871 [Newsletter] Template core/emails/admin/general_notification.html not found, using fallback: core/emails/admin/general_notification.html
ERROR 2025-10-29 14:24:56,004 [Newsletter] Failed to send newsletter to johnkanyotu@kabarak.ac.ke: 'ClothingRequest' object has no attribute 'get'
ERROR 2025-10-29 14:24:56,005 [Newsletter] Failed to send newsletter to johnkariukitony@gmail.com: 'ClothingRequest' object has no attribute 'get'
ERROR 2025-10-29 14:24:56,005 [Newsletter] Failed to send newsletter to jk5210182@gmail.com: 'ClothingRequest' object has no attribute 'get'
ERROR 2025-10-29 14:24:56,005 [Newsletter] Failed to send newsletter to johnkariuki1918@gmail.com: 'ClothingRequest' object has no attribute 'get'
INFO 2025-10-29 14:24:56,006 [Newsletter] Newsletter stats - Sent: 0, Skipped: 4, Type: request_updates
WARNING 2025-10-29 14:27:00,355 [Newsletter] Template core/emails/admin/general_notification.html not found, using fallback: core/emails/admin/general_notification.html
WARNING 2025-10-29 14:27:31,805 [Newsletter] Template core/emails/newsletter/unsubscribe_confirmation.html not found, using fallback: core/emails/newsletter/unsubscribe_confirmation.html
WARNING 2025-10-29 14:28:15,719 [Newsletter] Template core/emails/newsletter/welcome.html not found, using fallback: core/emails/newsletter/welcome.html
WARNING 2025-10-29 14:28:36,782 [Newsletter] Template core/emails/admin/general_notification.html not found, using fallback: core/emails/admin/general_notification.html
WARNING 2025-10-29 14:28:51,250 [Newsletter] Template core/emails/admin/general_notification.html not found, using fallback: core/emails/admin/general_notification.html
WARNING 2025-10-29 14:28:54,020 [Newsletter] Template core/emails/newsletter/unsubscribe_confirmation.html not found, using fallback: core/emails/newsletter/unsubscribe_confirmation.html
WARNING 2025-10-29 14:41:42,070 [Newsletter] Template core/emails/newsletter/welcome.html not found, using fallback: core/emails/newsletter/welcome.html
WARNING 2025-10-29 14:41:45,232 [Newsletter] Template core/emails/admin/general_notification.html not found, using fallback: core/emails/admin/general_notification.html
WARNING 2025-10-29 14:42:43,250 [Newsletter] Template core/emails/admin/general_notification.html not found, using fallback: core/emails/admin/general_notification.html
WARNING 2025-10-29 14:42:46,010 [Newsletter] Template core/emails/admin/general_notification.html not found, using fallback: core/emails/admin/general_notification.html
ERROR 2025-10-29 14:42:48,482 [Newsletter] Failed to send newsletter to johnkanyotu@kabarak.ac.ke: 'ClothingRequest' object has no attribute 'get'
ERROR 2025-10-29 14:42:48,483 [Newsletter] Failed to send newsletter to johnkariukitony@gmail.com: 'ClothingRequest' object has no attribute 'get'
ERROR 2025-10-29 14:42:48,483 [Newsletter] Failed to send newsletter to jk5210182@gmail.com: 'ClothingRequest' object has no attribute 'get'
ERROR 2025-10-29 14:42:48,483 [Newsletter] Failed to send newsletter to johnkariuki1918@gmail.com: 'ClothingRequest' object has no attribute 'get'
INFO 2025-10-29 14:42:48,484 [Newsletter] Newsletter stats - Sent: 0, Skipped: 4, Type: request_updates
WARNING 2025-10-29 14:57:45,782 [Newsletter] Template core/emails/admin/general_notification.html not found, using fallback: core/emails/admin/general_notification.html
WARNING 2025-10-29 14:57:49,136 [Newsletter] Template core/emails/admin/general_notification.html not found, using fallback: core/emails/admin/general_notification.html
WARNING 2025-10-29 14:57:52,205 [Newsletter] Template core/emails/newsletter/request_updates.html not found, using fallback: core/emails/newsletter/request_updates.html
WARNING 2025-10-29 14:57:56,260 [Newsletter] Template core/emails/newsletter/request_updates.html not found, using fallback: core/emails/newsletter/request_updates.html
WARNING 2025-10-29 14:57:59,373 [Newsletter] Template core/emails/newsletter/request_updates.html not found, using fallback: core/emails/newsletter/request_updates.html
WARNING 2025-10-29 14:58:02,538 [Newsletter] Template core/emails/newsletter/request_updates.html not found, using fallback: core/emails/newsletter/request_updates.html
INFO 2025-10-29 14:58:06,286 [Newsletter] Newsletter stats - Sent: 4, Skipped: 0, Type: request_updates
WARNING 2025-10-29 16:08:14,886 [Newsletter] Template core/emails/admin/general_notification.html not found, using fallback: core/emails/admin/general_notification.html
WARNING 2025-10-29 16:08:17,739 [Newsletter] Template core/emails/admin/general_notification.html not found, using fallback: core/emails/admin/general_notification.html
WARNING 2025-10-29 16:08:20,694 [Newsletter] Template core/emails/user/exchange_request_received.html not found, using fallback: core/emails/user/exchange_request_received.html
WARNING 2025-10-29 16:15:47,542 [Newsletter] Template core/emails/admin/general_notification.html not found, using fallback: core/emails/admin/general_notification.html
WARNING 2025-10-29 16:15:54,436 [Newsletter] Template core/emails/admin/general_notification.html not found, using fallback: core/emails/admin/general_notification.html
WARNING 2025-10-29 16:15:57,475 [Newsletter] Template core/emails/user/exchange_request_received.html not found, using fallback: core/emails/user/exchange_request_received.html
WARNING 2025-10-29 16:20:21,677 [Newsletter] Template core/emails/admin/general_notification.html not found, using fallback: core/emails/admin/general_notification.html
WARNING 2025-10-29 16:20:24,801 [Newsletter] Template core/emails/admin/general_notification.html not found, using fallback: core/emails/admin/general_notification.html
WARNING 2025-10-29 16:20:28,902 [Newsletter] Template core/emails/newsletter/request_updates.html not found, using fallback: core/emails/newsletter/request_updates.html
WARNING 2025-10-29 16:20:32,009 [Newsletter] Template core/emails/newsletter/request_updates.html not found, using fallback: core/emails/newsletter/request_updates.html
WARNING 2025-10-29 16:20:35,066 [Newsletter] Template core/emails/newsletter/request_updates.html not found, using fallback: core/emails/newsletter/request_updates.html
WARNING 2025-10-29 16:20:38,103 [Newsletter] Template core/emails/newsletter/request_updates.html not found, using fallback: core/emails/newsletter/request_updates.html
INFO 2025-10-29 16:20:41,224 [Newsletter] Newsletter stats - Sent: 4, Skipped: 0, Type: request_updates
WARNING 2025-10-29 16:23:01,771 [Newsletter] Template core/emails/admin/general_notification.html not found, using fallback: core/emails/admin/general_notification.html
WARNING 2025-10-29 16:23:04,764 [Newsletter] Template core/emails/user/exchange_cancelled.html not found, using fallback: core/emails/user/exchange_cancelled.html
WARNING 2025-10-29 16:23:08,693 [Newsletter] Template core/emails/user/exchange_cancelled.html not found, using fallback: core/emails/user/exchange_cancelled.html
WARNING 2025-10-29 16:27:47,571 [Newsletter] Template core/emails/admin/general_notification.html not found, using fallback: core/emails/admin/general_notification.html
WARNING 2025-10-29 16:31:52,612 [Newsletter] Template core/emails/admin/general_notification.html not found, using fallback: core/emails/admin/general_notification.html
WARNING 2025-10-29 16:34:46,376 [Newsletter] Template core/emails/admin/general_notification.html not found, using fallback: core/emails/admin/general_notification.html
WARNING 2025-10-29 16:36:15,981 [Newsletter] Template core/emails/admin/general_notification.html not found, using fallback: core/emails/admin/general_notification.html
WARNING 2025-10-29 16:36:51,846 [Newsletter] Template core/emails/admin/general_notification.html not found, using fallback: core/emails/admin/general_notification.html
WARNING 2025-10-29 16:36:54,779 [Newsletter] Template core/emails/admin/general_notification.html not found, using fallback: core/emails/admin/general_notification.html
WARNING 2025-10-29 16:59:52,888 [Newsletter] Template core/emails/admin/general_notification.html not found, using fallback: core/emails/admin/general_notification.html
WARNING 2025-10-29 17:00:54,634 [Newsletter] Template core/emails/admin/general_notification.html not found, using fallback: core/emails/admin/general_notification.html
WARNING 2025-10-29 17:00:56,315 [Newsletter] Template core/emails/admin/general_notification.html not found, using fallback: core/emails/admin/general_notification.html
WARNING 2025-11-05 20:07:57,697 [Newsletter] Template core/emails/admin/general_notification.html not found, using fallback: core/emails/admin/general_notification.html
WARNING 2025-11-10 11:15:23,893 [Newsletter] Template core/emails/admin/general_notification.html not found, using fallback: core/emails/admin/general_notification.html
WARNING 2025-11-10 11:15:27,570 [Newsletter] Template core/emails/admin/general_notification.html not found, using fallback: core/emails/admin/general_notification.html
WARNING 2025-11-10 11:15:30,245 [Newsletter] Template core/emails/newsletter/new_items_alerts.html not found, using fallback: core/emails/newsletter/new_items_alerts.html
WARNING 2025-11-10 11:15:32,842 [Newsletter] Template core/emails/newsletter/new_items_alerts.html not found, using fallback: core/emails/newsletter/new_items_alerts.html
WARNING 2025-11-10 11:15:35,597 [Newsletter] Template core/emails/newsletter/new_items_alerts.html not found, using fallback: core/emails/newsletter/new_items_alerts.html
WARNING 2025-11-10 11:15:38,338 [Newsletter] Template core/emails/newsletter/new_items_alerts.html not found, using fallback: core/emails/newsletter/new_items_alerts.html
WARNING 2025-11-10 11:15:41,237 [Newsletter] Template core/emails/newsletter/new_items_alerts.html not found, using fallback: core/emails/newsletter/new_items_alerts.html
INFO 2025-11-10 11:15:43,979 [Newsletter] Newsletter stats - Sent: 5, Skipped: 0, Type: new_items_alerts
WARNING 2025-11-10 11:23:38,215 [Newsletter] Template core/emails/admin/general_notification.html not found, using fallback: core/emails/admin/general_notification.html
WARNING 2025-11-10 11:23:40,970 [Newsletter] Template core/emails/admin/general_notification.html not found, using fallback: core/emails/admin/general_notification.html
WARNING 2025-11-10 11:23:43,814 [Newsletter] Template core/emails/user/exchange_request_received.html not found, using fallback: core/emails/user/exchange_request_received.html
WARNING 2025-11-10 11:24:33,433 [Newsletter] Template core/emails/admin/general_notification.html not found, using fallback: core/emails/admin/general_notification.html
WARNING 2025-11-10 11:24:36,155 [Newsletter] Template core/emails/user/exchange_cancelled.html not found, using fallback: core/emails/user/exchange_cancelled.html
WARNING 2025-11-10 11:24:38,908 [Newsletter] Template core/emails/user/exchange_cancelled.html not found, using fallback: core/emails/user/exchange_cancelled.html
WARNING 2025-11-10 11:56:44,649 [Newsletter] Template core/emails/admin/general_notification.html not found, using fallback: core/emails/admin/general_notification.html
WARNING 2025-11-10 11:56:57,057 [Newsletter] Template core/emails/admin/general_notification.html not found, using fallback: core/emails/admin/general_notification.html
WARNING 2025-11-10 11:57:09,099 [Newsletter] Template core/emails/user/exchange_request_received.html not found, using fallback: core/emails/user/exchange_request_received.html
WARNING 2025-11-10 12:16:00,736 [Newsletter] Template core/emails/admin/general_notification.html not found, using fallback: core/emails/admin/general_notification.html
WARNING 2025-11-10 12:16:00,771 [Newsletter] Template core/emails/admin/general_notification.html not found, using fallback: core/emails/admin/general_notification.html
WARNING 2025-11-10 12:16:00,795 [Newsletter] Template core/emails/newsletter/request_updates.html not found, using fallback: core/emails/newsletter/request_updates.html
WARNING 2025-11-10 12:16:00,813 [Newsletter] Template core/emails/newsletter/request_updates.html not found, using fallback: core/emails/newsletter/request_updates.html
WARNING 2025-11-10 12:16:00,831 [Newsletter] Template core/emails/newsletter/request_updates.html not found, using fallback: core/emails/newsletter/request_updates.html
WARNING 2025-11-10 12:16:00,847 [Newsletter] Template core/emails/newsletter/request_updates.html not found, using fallback: core/emails/newsletter/request_updates.html
INFO 2025-11-10 12:16:00,864 [Newsletter] Newsletter stats - Sent: 0, Skipped: 4, Type: request_updates
WARNING 2025-11-10 16:02:11,819 [Newsletter] Template core/emails/admin/general_notification.html not found, using fallback: core/emails/admin/general_notification.html
WARNING 2025-11-10 16:02:15,378 [Newsletter] Template core/emails/admin/general_notification.html not found, using fallback: core/emails/admin/general_notification.html
WARNING 2025-11-10 16:02:20,986 [Newsletter] Template core/emails/newsletter/request_updates.html not found, using fallback: core/emails/newsletter/request_updates.html
WARNING 2025-11-10 16:02:25,024 [Newsletter] Template core/emails/newsletter/request_updates.html not found, using fallback: core/emails/newsletter/request_updates.html
WARNING 2025-11-10 16:02:28,087 [Newsletter] Template core/emails/newsletter/request_updates.html not found, using fallback: core/emails/newsletter/request_updates.html
WARNING 2025-11-10 16:02:31,165 [Newsletter] Template core/emails/newsletter/request_updates.html not found, using fallback: core/emails/newsletter/request_updates.html
INFO 2025-11-10 16:02:34,332 [Newsletter] Newsletter stats - Sent: 4, Skipped: 0, Type: request_updates
WARNING 2025-11-10 16:19:30,723 [Newsletter] Template core/emails/admin/general_notification.html not found, using fallback: core/emails/admin/general_notification.html
WARNING 2025-11-10 16:23:25,003 [Newsletter] Template core/emails/admin/general_notification.html not found, using fallback: core/emails/admin/general_notification.html
WARNING 2025-11-10 16:23:28,243 [Newsletter] Template core/emails/admin/general_notification.html not found, using fallback: core/emails/admin/general_notification.html
WARNING 2025-11-10 16:23:31,653 [Newsletter] Template core/emails/user/exchange_request_received.html not found, using fallback: core/emails/user/exchange_request_received.html
WARNING 2025-11-10 16:23:46,025 [Newsletter] Template core/emails/admin/general_notification.html not found, using fallback: core/emails/admin/general_notification.html
WARNING 2025-11-10 16:23:49,267 [Newsletter] Template core/emails/user/exchange_cancelled.html not found, using fallback: core/emails/user/exchange_cancelled.html
WARNING 2025-11-10 16:23:52,369 [Newsletter] Template core/emails/user/exchange_cancelled.html not found, using fallback: core/emails/user/exchange_cancelled.html
WARNING 2025-11-10 16:24:23,384 [Newsletter] Template core/emails/admin/general_notification.html not found, using fallback: core/emails/admin/general_notification.html
WARNING 2025-11-10 16:24:26,613 [Newsletter] Template core/emails/admin/general_notification.html not found, using fallback: core/emails/admin/general_notification.html
WARNING 2025-11-10 16:24:29,714 [Newsletter] Template core/emails/user/exchange_request_received.html not found, using fallback: core/emails/user/exchange_request_received.html
WARNING 2025-11-10 17:00:50,729 [Newsletter] Template core/emails/admin/general_notification.html not found, using fallback: core/emails/admin/general_notification.html
WARNING 2025-11-10 17:00:54,851 [Newsletter] Template core/emails/user/exchange_cancelled.html not found, using fallback: core/emails/user/exchange_cancelled.html
WARNING 2025-11-10 17:01:02,132 [Newsletter] Template core/emails/user/exchange_cancelled.html not found, using fallback: core/emails/user/exchange_cancelled.html
WARNING 2025-11-10 17:10:25,227 [Newsletter] Template core/emails/admin/general_notification.html not found, using fallback: core/emails/admin/general_notification.html
WARNING 2025-11-10 17:10:29,005 [Newsletter] Template core/emails/admin/general_notification.html not found, using fallback: core/emails/admin/general_notification.html
WARNING 2025-11-10 17:10:32,723 [Newsletter] Template core/emails/user/exchange_request_received.html not found, using fallback: core/emails/user/exchange_request_received.html
WARNING 2025-11-10 17:11:23,918 [Newsletter] Template core/emails/admin/general_notification.html not found, using fallback: core/emails/admin/general_notification.html
WARNING 2025-11-10 17:11:34,090 [Newsletter] Template core/emails/user/exchange_cancelled.html not found, using fallback: core/emails/user/exchange_cancelled.html
WARNING 2025-11-10 17:11:36,571 [Newsletter] Template core/emails/user/exchange_cancelled.html not found, using fallback: core/emails/user/exchange_cancelled.html
WARNING 2025-11-10 17:13:17,790 [Newsletter] Template core/emails/admin/general_notification.html not found, using fallback: core/emails/admin/general_notification.html
WARNING 2025-11-10 17:13:21,621 [Newsletter] Template core/emails/admin/general_notification.html not found, using fallback: core/emails/admin/general_notification.html
WARNING 2025-11-10 17:13:24,592 [Newsletter] Template core/emails/user/exchange_request_received.html not found, using fallback: core/emails/user/exchange_request_received.html
WARNING 2025-11-10 17:14:44,656 [Newsletter] Template core/emails/admin/general_notification.html not found, using fallback: core/emails/admin/general_notification.html
WARNING 2025-11-10 17:14:53,154 [Newsletter] Template core/emails/user/exchange_cancelled.html not found, using fallback: core/emails/user/exchange_cancelled.html
WARNING 2025-11-10 17:14:55,671 [Newsletter] Template core/emails/user/exchange_cancelled.html not found, using fallback: core/emails/user/exchange_cancelled.html
WARNING 2025-11-10 17:18:48,025 [Newsletter] Template core/emails/admin/general_notification.html not found, using fallback: core/emails/admin/general_notification.html
WARNING 2025-11-10 17:18:50,838 [Newsletter] Template core/emails/admin/general_notification.html not found, using fallback: core/emails/admin/general_notification.html
WARNING 2025-11-10 17:18:53,427 [Newsletter] Template core/emails/user/exchange_request_received.html not found, using fallback: core/emails/user/exchange_request_received.html
WARNING 2025-11-10 17:49:28,796 [Newsletter] Template core/emails/admin/general_notification.html not found, using fallback: core/emails/admin/general_notification.html
WARNING 2025-11-10 17:49:29,215 [Newsletter] Template core/emails/user/exchange_cancelled.html not found, using fallback: core/emails/user/exchange_cancelled.html
WARNING 2025-11-10 17:49:29,252 [Newsletter] Template core/emails/user/exchange_cancelled.html not found, using fallback: core/emails/user/exchange_cancelled.html
WARNING 2025-11-10 17:49:50,257 [Newsletter] Template core/emails/admin/general_notification.html not found, using fallback: core/emails/admin/general_notification.html
WARNING 2025-11-10 17:49:50,360 [Newsletter] Template core/emails/admin/general_notification.html not found, using fallback: core/emails/admin/general_notification.html
WARNING 2025-11-10 17:49:50,391 [Newsletter] Template core/emails/user/exchange_request_received.html not found, using fallback: core/emails/user/exchange_request_received.html
WARNING 2025-11-10 18:18:04,884 [Newsletter] Template core/emails/admin/general_notification.html not found, using fallback: core/emails/admin/general_notification.html
WARNING 2025-11-10 18:18:08,507 [Newsletter] Template core/emails/user/exchange_cancelled.html not found, using fallback: core/emails/user/exchange_cancelled.html
WARNING 2025-11-10 18:18:12,015 [Newsletter] Template core/emails/user/exchange_cancelled.html not found, using fallback: core/emails/user/exchange_cancelled.html
WARNING 2025-11-10 18:20:19,843 [Newsletter] Template core/emails/admin/general_notification.html not found, using fallback: core/emails/admin/general_notification.html
WARNING 2025-11-10 18:20:22,959 [Newsletter] Template core/emails/admin/general_notification.html not found, using fallback: core/emails/admin/general_notification.html
WARNING 2025-11-10 18:20:26,288 [Newsletter] Template core/emails/newsletter/request_updates.html not found, using fallback: core/emails/newsletter/request_updates.html
WARNING 2025-11-10 18:20:29,655 [Newsletter] Template core/emails/newsletter/request_updates.html not found, using fallback: core/emails/newsletter/request_updates.html
WARNING 2025-11-10 18:20:32,947 [Newsletter] Template core/emails/newsletter/request_updates.html not found, using fallback: core/emails/newsletter/request_updates.html
WARNING 2025-11-10 18:20:35,908 [Newsletter] Template core/emails/newsletter/request_updates.html not found, using fallback: core/emails/newsletter/request_updates.html
INFO 2025-11-10 18:20:38,978 [Newsletter] Newsletter stats - Sent: 4, Skipped: 0, Type: request_updates
